<?xml version="1.0" encoding="UTF-8"?>
<testsuite name="com.example.aiprgate.data.InMemoryTaskRepositoryTest" tests="2" skipped="0" failures="0" errors="0" timestamp="2026-09-21T09:02:55.158Z" hostname="DESKTOP-69G5GDV" time="0.131">
  <properties/>
  <testcase name="변경과_삭제는_대상_항목에만_적용된다" classname="com.example.aiprgate.data.InMemoryTaskRepositoryTest" time="0.129"/>
  <testcase name="새_항목은_미완료로_ID_오름차순_저장된다" classname="com.example.aiprgate.data.InMemoryTaskRepositoryTest" time="0.002"/>
  <system-out><![CDATA[]]></system-out>
  <system-err><![CDATA[]]></system-err>
</testsuite>
